<?xml version="1.0" encoding="UTF-8"?>
<!-- Generated by org.testng.reporters.JUnitReportReporter -->
<testsuite skipped="0" hostname="DESKTOP-MJI0P0T" name="Java.SeleniumPractice.TestNGBasics" tests="3" failures="0" timestamp="24 Jun 2020 06:58:55 GMT" time="0.014" errors="0">
  <testcase name="googleLogoTest" time="0.008" classname="Java.SeleniumPractice.TestNGBasics"/>
  <testcase name="googleTitleTest" time="0.003" classname="Java.SeleniumPractice.TestNGBasics"/>
  <testcase name="searchTest" time="0.003" classname="Java.SeleniumPractice.TestNGBasics"/>
</testsuite> <!-- Java.SeleniumPractice.TestNGBasics -->
