<?xml version="1.0" encoding="UTF-8"?>
<!-- Generated by org.testng.reporters.JUnitReportReporter -->
<testsuite skipped="0" hostname="DESKTOP-MJI0P0T" name="Java.SeleniumPractice.PageTest" tests="1" failures="0" timestamp="09 Jun 2020 11:27:35 GMT" time="13.785" errors="0">
  <testcase name="testMethod1" time="13.785" classname="Java.SeleniumPractice.PageTest"/>
</testsuite> <!-- Java.SeleniumPractice.PageTest -->
