<?xml version="1.0" encoding="UTF-8"?>
<!-- Generated by org.testng.reporters.JUnitReportReporter -->
<testsuite skipped="0" hostname="DESKTOP-MJI0P0T" name="Java.SeleniumPractice.TestNGVerbose_Concept" tests="2" failures="0" timestamp="14 Jul 2020 06:42:06 GMT" time="21.130" errors="0">
  <testcase name="logoTest" time="12.350" classname="Java.SeleniumPractice.TestNGVerbose_Concept"/>
  <testcase name="fbTitleTest" time="8.780" classname="Java.SeleniumPractice.TestNGVerbose_Concept"/>
</testsuite> <!-- Java.SeleniumPractice.TestNGVerbose_Concept -->
