<?xml version="1.0" encoding="UTF-8"?>
<!-- Generated by org.testng.reporters.JUnitReportReporter -->
<testsuite skipped="0" hostname="DESKTOP-MJI0P0T" name="Java.SeleniumPractice.TestNgGoogleTest" tests="6" failures="0" timestamp="24 Jun 2020 13:23:06 GMT" time="43.370" errors="0">
  <testcase name="googleTitleTest" time="13.629" classname="Java.SeleniumPractice.TestNgGoogleTest"/>
  <testcase name="googleLogoTest" time="5.867" classname="Java.SeleniumPractice.TestNgGoogleTest"/>
  <testcase name="googleMailLnikTest" time="5.909" classname="Java.SeleniumPractice.TestNgGoogleTest"/>
  <testcase name="test1" time="5.926" classname="Java.SeleniumPractice.TestNgGoogleTest"/>
  <testcase name="test2" time="6.105" classname="Java.SeleniumPractice.TestNgGoogleTest"/>
  <testcase name="test3" time="5.934" classname="Java.SeleniumPractice.TestNgGoogleTest"/>
</testsuite> <!-- Java.SeleniumPractice.TestNgGoogleTest -->
