<?xml version="1.0" encoding="UTF-8"?>
<!-- Generated by org.testng.reporters.JUnitReportReporter -->
<testsuite skipped="0" hostname="DESKTOP-MJI0P0T" name="Java.SeleniumPractice.TestNGVerbose_Concept" tests="2" failures="0" timestamp="06 Aug 2020 11:40:31 GMT" time="61.208" errors="0">
  <testcase name="logoTest" time="49.884" classname="Java.SeleniumPractice.TestNGVerbose_Concept"/>
  <testcase name="fbTitleTest" time="11.324" classname="Java.SeleniumPractice.TestNGVerbose_Concept"/>
</testsuite> <!-- Java.SeleniumPractice.TestNGVerbose_Concept -->
